<?xml version="1.0" encoding="UTF-8"?>
<!-- Generated by org.testng.reporters.JUnitReportReporter -->
<testsuite hostname="DESKTOP-0T81S93" failures="0" tests="1" name="CreateUserTCs.CreateUser_TC4_Method4" time="5.149" errors="0" timestamp="2020-10-29T17:10:45 EET" skipped="0">
  <testcase classname="CreateUserTCs.CreateUser_TC4_Method4" name="ValidaeWhenMobileNumber_Empty" time="5.149"/>
  <system-out/>
</testsuite> <!-- CreateUserTCs.CreateUser_TC4_Method4 -->
