<?xml version="1.0" encoding="UTF-8"?>
<!-- Generated by org.testng.reporters.JUnitReportReporter -->
<testsuite hostname="DESKTOP-0T81S93" failures="0" tests="1" name="CreateUserTCs.CreateUserTC9" time="3.648" errors="0" timestamp="2020-10-29T17:10:45 EET" skipped="0">
  <testcase classname="CreateUserTCs.CreateUserTC9" name="TC9_CreateNewUser_WithDuplicateData" time="3.648"/>
  <system-out/>
</testsuite> <!-- CreateUserTCs.CreateUserTC9 -->
