<?xml version="1.0" encoding="UTF-8"?>
<!-- Generated by org.testng.reporters.JUnitReportReporter -->
<testsuite hostname="DESKTOP-0T81S93" failures="0" tests="1" name="CreateUser.CreateUserTCs" time="0.470" errors="0" timestamp="2020-09-23T23:11:18 EET" skipped="0">
  <testcase classname="CreateUser.CreateUserTCs" name="TC1_TC2_ValidateFieldsExistance" time="0.470"/>
  <system-out/>
</testsuite> <!-- CreateUser.CreateUserTCs -->
