<?xml version="1.0" encoding="UTF-8"?>
<!-- Generated by org.testng.reporters.JUnitReportReporter -->
<testsuite hostname="DESKTOP-0T81S93" failures="0" tests="1" name="CreateUserTCs.CreateUserTC5" time="1.022" errors="0" timestamp="2020-10-04T13:19:36 EET" skipped="0">
  <testcase classname="CreateUserTCs.CreateUserTC5" name="LimitValidation_AllFields" time="1.022"/>
  <system-out/>
</testsuite> <!-- CreateUserTCs.CreateUserTC5 -->
