<?xml version="1.0" encoding="UTF-8"?>
<!-- Generated by org.testng.reporters.JUnitReportReporter -->
<testsuite hostname="DESKTOP-0T81S93" failures="0" tests="3" name="CreateUserTCs.CreateUserTC7" time="9.376" errors="0" timestamp="2020-10-08T20:00:31 EET" skipped="0">
  <testcase classname="CreateUserTCs.CreateUserTC7" name="LimitValidation_AllFields" time="4.741"/>
  <system-out/>
  <testcase classname="CreateUserTCs.CreateUserTC7" name="TC8_WrongStrings_Mail" time="2.376"/>
  <system-out/>
  <testcase classname="CreateUserTCs.CreateUserTC7" name="TC8_WrongStrings_MobileNumber" time="2.259"/>
  <system-out/>
</testsuite> <!-- CreateUserTCs.CreateUserTC7 -->
