<?xml version="1.0" encoding="UTF-8"?>
<!-- Generated by org.testng.reporters.JUnitReportReporter -->
<testsuite hostname="DESKTOP-0T81S93" failures="0" tests="1" name="CreateUserTCs.CreateUserTC13" time="4.579" errors="0" timestamp="2020-10-29T17:10:45 EET" skipped="0">
  <testcase classname="CreateUserTCs.CreateUserTC13" name="TC13_ResetButton" time="4.579"/>
  <system-out/>
</testsuite> <!-- CreateUserTCs.CreateUserTC13 -->
