<?xml version="1.0" encoding="UTF-8"?>
<!-- Generated by org.testng.reporters.JUnitReportReporter -->
<testsuite hostname="DESKTOP-0T81S93" failures="0" tests="1" name="CreateUserTCs.CreateUserTC5_TC6" time="0.834" errors="0" timestamp="2020-10-29T17:10:45 EET" skipped="0">
  <testcase classname="CreateUserTCs.CreateUserTC5_TC6" name="LimitValidation_AllFields" time="0.834"/>
  <system-out/>
</testsuite> <!-- CreateUserTCs.CreateUserTC5_TC6 -->
