<?xml version="1.0" encoding="UTF-8"?>
<!-- Generated by org.testng.reporters.JUnitReportReporter -->
<testsuite hostname="DESKTOP-0T81S93" failures="0" tests="2" name="CreateUserTCs.CreateUserTC1_TC2" time="0.474" errors="0" timestamp="2020-10-29T17:10:45 EET" skipped="0">
  <testcase classname="CreateUserTCs.CreateUserTC1_TC2" name="TC1_CheckCreateNewuser_Exists" time="0.086"/>
  <system-out/>
  <testcase classname="CreateUserTCs.CreateUserTC1_TC2" name="TC2_CheckAllFields_Exisit" time="0.388"/>
  <system-out/>
</testsuite> <!-- CreateUserTCs.CreateUserTC1_TC2 -->
