<?xml version="1.0" encoding="UTF-8"?>
<!-- Generated by org.testng.reporters.JUnitReportReporter -->
<testsuite hostname="DESKTOP-0T81S93" failures="0" tests="1" name="TestCases.CreateUserTCs" time="0.459" errors="0" timestamp="2020-09-23T22:53:21 EET" skipped="0">
  <testcase classname="TestCases.CreateUserTCs" name="TC1_ValidateFieldsExistance" time="0.459"/>
  <system-out/>
</testsuite> <!-- TestCases.CreateUserTCs -->
