<?xml version="1.0" encoding="UTF-8"?>
<!-- Generated by org.testng.reporters.JUnitReportReporter -->
<testsuite hostname="DESKTOP-0T81S93" failures="0" tests="1" name="CreateUser.CreateUserTC1_TC2" time="0.455" errors="0" timestamp="2020-09-23T23:15:41 EET" skipped="0">
  <testcase classname="CreateUser.CreateUserTC1_TC2" name="TC1_TC2_ValidateFieldsExistance" time="0.455"/>
  <system-out/>
</testsuite> <!-- CreateUser.CreateUserTC1_TC2 -->
