<?xml version="1.0" encoding="UTF-8"?>
<!-- Generated by org.testng.reporters.JUnitReportReporter -->
<testsuite hostname="DESKTOP-0T81S93" failures="0" tests="3" name="CreateUserTCs.CreateUserTC7_TC8_TC10" time="9.432" errors="0" timestamp="2020-10-29T17:10:45 EET" skipped="0">
  <testcase classname="CreateUserTCs.CreateUserTC7_TC8_TC10" name="CountryCodes" time="4.777"/>
  <system-out/>
  <testcase classname="CreateUserTCs.CreateUserTC7_TC8_TC10" name="TC8_WrongStrings_Mail" time="2.326"/>
  <system-out/>
  <testcase classname="CreateUserTCs.CreateUserTC7_TC8_TC10" name="TC8_WrongStrings_MobileNumber" time="2.329"/>
  <system-out/>
</testsuite> <!-- CreateUserTCs.CreateUserTC7_TC8_TC10 -->
