<?xml version="1.0" encoding="UTF-8"?>
<!-- Generated by org.testng.reporters.JUnitReportReporter -->
<testsuite hostname="DESKTOP-0T81S93" failures="0" tests="1" name="TestCases.CreateUser" time="0.008" errors="0" timestamp="21 Sep 2020 20:01:40 GMT" skipped="0">
  <testcase classname="TestCases.CreateUser" name="LaunchBreadFast" time="0.008"/>
</testsuite> <!-- TestCases.CreateUser -->
